<?xml version="1.0" encoding="UTF-8"?>
<!-- Generated by org.testng.reporters.JUnitReportReporter -->
<testsuite hostname="DESKTOP-3M30ENU" failures="0" tests="1" name="FrameWork.Action_Keyword" time="6.167" errors="0" timestamp="2022-11-30T11:15:26 IST" skipped="0">
  <testcase classname="FrameWork.Action_Keyword" name="openBrowser" time="6.167"/>
  <system-out/>
</testsuite> <!-- FrameWork.Action_Keyword -->
