<?xml version="1.0" encoding="UTF-8"?>
<!-- Generated by org.testng.reporters.JUnitReportReporter -->
<testsuite hostname="DESKTOP-3M30ENU" failures="0" tests="1" name="FrameWork.pCloudyLogin" time="10.408" errors="0" timestamp="2022-12-05T14:22:56 IST" skipped="0">
  <testcase classname="FrameWork.pCloudyLogin" name="loginTest" time="10.408"/>
  <system-out/>
</testsuite> <!-- FrameWork.pCloudyLogin -->
