<?xml version="1.0" encoding="UTF-8"?>
<!-- Generated by org.testng.reporters.JUnitReportReporter -->
<testsuite hostname="DESKTOP-3M30ENU" failures="0" tests="1" name="Com.Test.TeseCases.TCOfPom_01" time="3.559" errors="0" timestamp="2022-12-05T14:41:57 IST" skipped="0">
  <testcase classname="Com.Test.TeseCases.TCOfPom_01" name="script" time="3.559"/>
  <system-out/>
</testsuite> <!-- Com.Test.TeseCases.TCOfPom_01 -->
